[debug] [2021-07-08T16:13:10.403Z] ----------------------------------------------------------------------
[debug] [2021-07-08T16:13:10.405Z] Command:       C:\Program Files\nodejs\node.exe C:\Users\luisr\AppData\Roaming\npm\node_modules\firebase-tools\lib\bin\firebase.js init
[debug] [2021-07-08T16:13:10.406Z] CLI Version:   9.14.0
[debug] [2021-07-08T16:13:10.406Z] Platform:      win32
[debug] [2021-07-08T16:13:10.406Z] Node Version:  v16.1.0
[debug] [2021-07-08T16:13:10.407Z] Time:          Thu Jul 08 2021 18:13:10 GMT+0200 (hora de verano de Europa central)
[debug] [2021-07-08T16:13:10.407Z] ----------------------------------------------------------------------
[debug] 
[debug] [2021-07-08T16:13:10.415Z] > command requires scopes: ["email","openid","https://www.googleapis.com/auth/cloudplatformprojects.readonly","https://www.googleapis.com/auth/firebase","https://www.googleapis.com/auth/cloud-platform"]
[debug] [2021-07-08T16:13:10.415Z] > authorizing via signed-in user (luisr.felce@gmail.com)
[info] 
     ######## #### ########  ######## ########     ###     ######  ########
     ##        ##  ##     ## ##       ##     ##  ##   ##  ##       ##
     ######    ##  ########  ######   ########  #########  ######  ######
     ##        ##  ##    ##  ##       ##     ## ##     ##       ## ##
     ##       #### ##     ## ######## ########  ##     ##  ######  ########

You're about to initialize a Firebase project in this directory:

  C:\Users\luisr\OneDrive\Escritorio\Curso Agular 11\11-fireChat

Before we get started, keep in mind:

  * You are initializing within an existing Firebase project directory

[info] 
=== Project Setup
[info] 
[info] First, let's associate this project directory with a Firebase project.
[info] You can create multiple project aliases by running firebase use --add, 
[info] but for now we'll just set up a default project.
[info] 
[debug] [2021-07-08T16:13:21.150Z] >>> [apiv2][query] GET https://firebase.googleapis.com/v1beta1/projects/firechat-b7bd9 [none]
[debug] [2021-07-08T16:13:21.778Z] <<< [apiv2][status] GET https://firebase.googleapis.com/v1beta1/projects/firechat-b7bd9 403
[debug] [2021-07-08T16:13:21.779Z] <<< [apiv2][body] GET https://firebase.googleapis.com/v1beta1/projects/firechat-b7bd9 {"error":{"code":403,"message":"The caller does not have permission","status":"PERMISSION_DENIED"}}
[debug] [2021-07-08T16:13:21.780Z] HTTP Error: 403, The caller does not have permission
[debug] [2021-07-08T16:13:21.889Z] FirebaseError: HTTP Error: 403, The caller does not have permission
    at module.exports (C:\Users\luisr\AppData\Roaming\npm\node_modules\firebase-tools\lib\responseToError.js:38:12)
    at Client.doRequest (C:\Users\luisr\AppData\Roaming\npm\node_modules\firebase-tools\lib\apiv2.js:238:23)
    at processTicksAndRejections (node:internal/process/task_queues:96:5)
    at async Client.request (C:\Users\luisr\AppData\Roaming\npm\node_modules\firebase-tools\lib\apiv2.js:96:20)
    at async Object.getFirebaseProject (C:\Users\luisr\AppData\Roaming\npm\node_modules\firebase-tools\lib\management\projects.js:290:21)
    at async Object.doSetup [as project] (C:\Users\luisr\AppData\Roaming\npm\node_modules\firebase-tools\lib\init\features\project.js:84:27)
    at async init (C:\Users\luisr\AppData\Roaming\npm\node_modules\firebase-tools\lib\init\index.js:19:9)
[error] 
[error] Error: Failed to get Firebase project firechat-b7bd9. Please make sure the project exists and your account has permission to access it.
